<?xml version="1.0" encoding="UTF-8"?>
<testsuites name="August Demo" time="160" tests="1" failures="2" errors="0">
   <testsuite name="August Demo" tests="1" failures="2" errors="0" time="160" timestamp="2018-09-21 13:33:52" hostname="greeshmaj - AW168.HQ.MVSINC.COM" id="Test Suites/August Demo">
      <properties>
         <property name="deviceName" value=""/>
         <property name="devicePlatform" value=""/>
         <property name="logFolder" value="C:\\Users\\greeshmaj.MVS_NT\\Katalon Studio\\2FactorLogin\\Reports\\August Demo\\20180921_133350"/>
         <property name="logFiles" value="C:\\Users\\greeshmaj.MVS_NT\\Katalon Studio\\2FactorLogin\\Reports\\August Demo\\20180921_133350\\execution0.log"/>
         <property name="attachments" value="C:\\Users\\greeshmaj.MVS_NT\\Katalon Studio\\2FactorLogin\\Reports\\August Demo\\20180921_133350\\1537551262578.png, C:\\Users\\greeshmaj.MVS_NT\\Katalon Studio\\2FactorLogin\\Reports\\August Demo\\20180921_133350\\1537551371901.png"/>
         <property name="hostName" value="greeshmaj - AW168.HQ.MVSINC.COM"/>
         <property name="os" value="Windows 10 64bit"/>
         <property name="katalonVersion" value="5.7.1.1"/>
         <property name="browser" value="Chrome 69.0.3497.100"/>
         <property name="hostAddress" value="10.0.1.65"/>
         <property name="sessionId" value="563df33c0f05430976e4ba41190af566"/>
         <property name="seleniumVersion" value="3.7.1"/>
         <property name="proxyInformation" value="ProxyInformation{proxyOption=NO_PROXY, proxyServerType=HTTP, password=, proxyServerAddress=, proxyServerPort=0}"/>
         <property name="platform" value="Windows 10"/>
      </properties>
      <testcase name="Test Cases/All Pages in PR" classname="Test Cases/All Pages in PR" status="FAILED">
         <failure type="FAILED" message="(Stack trace: com.kms.katalon.core.exception.StepFailedException: Unable to click on object 'Object Repository/Page_Select Client - Payroll Relief/div_SZ Organic Farm 943 sz943' (Root cause: com.kms.katalon.core.webui.exception.WebElementNotFoundException: Web element with id: 'Object Repository/Page_Select Client - Payroll Relief/div_SZ Organic Farm 943 sz943' located by 'By.xpath: //div[@id = 'select2-result-label-7' and (text() = 'SZ Organic Farm 943 [sz943]  - 09/13/2018' or . = 'SZ Organic Farm 943 [sz943]  - 09/13/2018')]' not found)
	at com.kms.katalon.core.keyword.internal.KeywordMain.stepFailed(KeywordMain.groovy:32)
	at com.kms.katalon.core.webui.keyword.internal.WebUIKeywordMain.stepFailed(WebUIKeywordMain.groovy:65)
	at com.kms.katalon.core.webui.keyword.internal.WebUIKeywordMain.runKeyword(WebUIKeywordMain.groovy:27)
	at com.kms.katalon.core.webui.keyword.builtin.ClickKeyword.click(ClickKeyword.groovy:86)
	at com.kms.katalon.core.webui.keyword.builtin.ClickKeyword.execute(ClickKeyword.groovy:67)
	at com.kms.katalon.core.keyword.internal.KeywordExecutor.executeKeywordForPlatform(KeywordExecutor.groovy:53)
	at com.kms.katalon.core.webui.keyword.WebUiBuiltInKeywords.click(WebUiBuiltInKeywords.groovy:616)
	at com.kms.katalon.core.webui.keyword.WebUiBuiltInKeywords$click$3.call(Unknown Source)
	at org.codehaus.groovy.runtime.callsite.CallSiteArray.defaultCall(CallSiteArray.java:48)
	at org.codehaus.groovy.runtime.callsite.AbstractCallSite.call(AbstractCallSite.java:113)
	at org.codehaus.groovy.runtime.callsite.AbstractCallSite.call(AbstractCallSite.java:125)
	at Script1535385857315.run(Script1535385857315.groovy:36)
	at com.kms.katalon.core.main.ScriptEngine.run(ScriptEngine.java:183)
	at com.kms.katalon.core.main.ScriptEngine.runScriptAsRawText(ScriptEngine.java:108)
	at com.kms.katalon.core.main.TestCaseExecutor.runScript(TestCaseExecutor.java:294)
	at com.kms.katalon.core.main.TestCaseExecutor.doExecute(TestCaseExecutor.java:285)
	at com.kms.katalon.core.main.TestCaseExecutor.processExecutionPhase(TestCaseExecutor.java:264)
	at com.kms.katalon.core.main.TestCaseExecutor.accessMainPhase(TestCaseExecutor.java:256)
	at com.kms.katalon.core.main.TestCaseExecutor.execute(TestCaseExecutor.java:200)
	at com.kms.katalon.core.main.TestSuiteExecutor.accessTestCaseMainPhase(TestSuiteExecutor.java:129)
	at com.kms.katalon.core.main.TestSuiteExecutor.accessTestSuiteMainPhase(TestSuiteExecutor.java:112)
	at com.kms.katalon.core.main.TestSuiteExecutor.execute(TestSuiteExecutor.java:81)
	at com.kms.katalon.core.main.TestCaseMain.startTestSuite(TestCaseMain.java:142)
	at com.kms.katalon.core.main.TestCaseMain$startTestSuite$0.call(Unknown Source)
	at org.codehaus.groovy.runtime.callsite.CallSiteArray.defaultCall(CallSiteArray.java:48)
	at org.codehaus.groovy.runtime.callsite.AbstractCallSite.call(AbstractCallSite.java:113)
	at org.codehaus.groovy.runtime.callsite.AbstractCallSite.call(AbstractCallSite.java:141)
	at TempTestSuite1537551230498.run(TempTestSuite1537551230498.groovy:36)
	at groovy.lang.GroovyShell.runScriptOrMainOrTestOrRunnable(GroovyShell.java:263)
	at groovy.lang.GroovyShell.run(GroovyShell.java:518)
	at groovy.lang.GroovyShell.run(GroovyShell.java:507)
	at groovy.ui.GroovyMain.processOnce(GroovyMain.java:653)
	at groovy.ui.GroovyMain.run(GroovyMain.java:384)
	at groovy.ui.GroovyMain.process(GroovyMain.java:370)
	at groovy.ui.GroovyMain.processArgs(GroovyMain.java:129)
	at groovy.ui.GroovyMain.main(GroovyMain.java:109)
	at sun.reflect.NativeMethodAccessorImpl.invoke0(Native Method)
	at sun.reflect.NativeMethodAccessorImpl.invoke(NativeMethodAccessorImpl.java:62)
	at sun.reflect.DelegatingMethodAccessorImpl.invoke(DelegatingMethodAccessorImpl.java:43)
	at java.lang.reflect.Method.invoke(Method.java:498)
	at org.codehaus.groovy.tools.GroovyStarter.rootLoader(GroovyStarter.java:109)
	at org.codehaus.groovy.tools.GroovyStarter.main(GroovyStarter.java:131)
)"/>
         <system-out><![CDATA[2018-09-21 13:33:52 - [TEST_CASE][FAILED] - Test Cases/All Pages in PR: Test Cases/All Pages in PR FAILED because (of) (Stack trace: com.kms.katalon.core.exception.StepFailedException: Unable to click on object 'Object Repository/Page_Select Client - Payroll Relief/div_SZ Organic Farm 943 sz943' (Root cause: com.kms.katalon.core.webui.exception.WebElementNotFoundException: Web element with id: 'Object Repository/Page_Select Client - Payroll Relief/div_SZ Organic Farm 943 sz943' located by 'By.xpath: //div[@id = 'select2-result-label-7' and (text() = 'SZ Organic Farm 943 [sz943]  - 09/13/2018' or . = 'SZ Organic Farm 943 [sz943]  - 09/13/2018')]' not found)
	at com.kms.katalon.core.keyword.internal.KeywordMain.stepFailed(KeywordMain.groovy:32)
	at com.kms.katalon.core.webui.keyword.internal.WebUIKeywordMain.stepFailed(WebUIKeywordMain.groovy:65)
	at com.kms.katalon.core.webui.keyword.internal.WebUIKeywordMain.runKeyword(WebUIKeywordMain.groovy:27)
	at com.kms.katalon.core.webui.keyword.builtin.ClickKeyword.click(ClickKeyword.groovy:86)
	at com.kms.katalon.core.webui.keyword.builtin.ClickKeyword.execute(ClickKeyword.groovy:67)
	at com.kms.katalon.core.keyword.internal.KeywordExecutor.executeKeywordForPlatform(KeywordExecutor.groovy:53)
	at com.kms.katalon.core.webui.keyword.WebUiBuiltInKeywords.click(WebUiBuiltInKeywords.groovy:616)
	at com.kms.katalon.core.webui.keyword.WebUiBuiltInKeywords$click$3.call(Unknown Source)
	at org.codehaus.groovy.runtime.callsite.CallSiteArray.defaultCall(CallSiteArray.java:48)
	at org.codehaus.groovy.runtime.callsite.AbstractCallSite.call(AbstractCallSite.java:113)
	at org.codehaus.groovy.runtime.callsite.AbstractCallSite.call(AbstractCallSite.java:125)
	at Script1535385857315.run(Script1535385857315.groovy:36)
	at com.kms.katalon.core.main.ScriptEngine.run(ScriptEngine.java:183)
	at com.kms.katalon.core.main.ScriptEngine.runScriptAsRawText(ScriptEngine.java:108)
	at com.kms.katalon.core.main.TestCaseExecutor.runScript(TestCaseExecutor.java:294)
	at com.kms.katalon.core.main.TestCaseExecutor.doExecute(TestCaseExecutor.java:285)
	at com.kms.katalon.core.main.TestCaseExecutor.processExecutionPhase(TestCaseExecutor.java:264)
	at com.kms.katalon.core.main.TestCaseExecutor.accessMainPhase(TestCaseExecutor.java:256)
	at com.kms.katalon.core.main.TestCaseExecutor.execute(TestCaseExecutor.java:200)
	at com.kms.katalon.core.main.TestSuiteExecutor.accessTestCaseMainPhase(TestSuiteExecutor.java:129)
	at com.kms.katalon.core.main.TestSuiteExecutor.accessTestSuiteMainPhase(TestSuiteExecutor.java:112)
	at com.kms.katalon.core.main.TestSuiteExecutor.execute(TestSuiteExecutor.java:81)
	at com.kms.katalon.core.main.TestCaseMain.startTestSuite(TestCaseMain.java:142)
	at com.kms.katalon.core.main.TestCaseMain$startTestSuite$0.call(Unknown Source)
	at org.codehaus.groovy.runtime.callsite.CallSiteArray.defaultCall(CallSiteArray.java:48)
	at org.codehaus.groovy.runtime.callsite.AbstractCallSite.call(AbstractCallSite.java:113)
	at org.codehaus.groovy.runtime.callsite.AbstractCallSite.call(AbstractCallSite.java:141)
	at TempTestSuite1537551230498.run(TempTestSuite1537551230498.groovy:36)
	at groovy.lang.GroovyShell.runScriptOrMainOrTestOrRunnable(GroovyShell.java:263)
	at groovy.lang.GroovyShell.run(GroovyShell.java:518)
	at groovy.lang.GroovyShell.run(GroovyShell.java:507)
	at groovy.ui.GroovyMain.processOnce(GroovyMain.java:653)
	at groovy.ui.GroovyMain.run(GroovyMain.java:384)
	at groovy.ui.GroovyMain.process(GroovyMain.java:370)
	at groovy.ui.GroovyMain.processArgs(GroovyMain.java:129)
	at groovy.ui.GroovyMain.main(GroovyMain.java:109)
	at sun.reflect.NativeMethodAccessorImpl.invoke0(Native Method)
	at sun.reflect.NativeMethodAccessorImpl.invoke(NativeMethodAccessorImpl.java:62)
	at sun.reflect.DelegatingMethodAccessorImpl.invoke(DelegatingMethodAccessorImpl.java:43)
	at java.lang.reflect.Method.invoke(Method.java:498)
	at org.codehaus.groovy.tools.GroovyStarter.rootLoader(GroovyStarter.java:109)
	at org.codehaus.groovy.tools.GroovyStarter.main(GroovyStarter.java:131)
)

2018-09-21 13:33:53 - [TEST_STEP][PASSED] - openBrowser: Browser is opened with url: ''

2018-09-21 13:33:56 - [MESSAGE][PASSED] - Browser is opened with url: ''

2018-09-21 13:33:56 - [TEST_STEP][PASSED] - navigateToUrl: Navigate to 'https://qa-login.accountantsoffice.com/login?firmCode=aworldqa' successfully

2018-09-21 13:33:57 - [MESSAGE][PASSED] - Navigate to 'https://qa-login.accountantsoffice.com/login?firmCode=aworldqa' successfully

2018-09-21 13:33:57 - [TEST_STEP][PASSED] - setText: Text 'greeshmaj' is set on object 'Object Repository/Page_Log in - AccountantsOffice/input_UserName'

2018-09-21 13:33:57 - [MESSAGE][PASSED] - Text 'greeshmaj' is set on object 'Object Repository/Page_Log in - AccountantsOffice/input_UserName'

2018-09-21 13:33:57 - [TEST_STEP][PASSED] - setEncryptedText: Text ****** has been set on object 'Object Repository/Page_Log in - AccountantsOffice/input_Password'

2018-09-21 13:33:58 - [MESSAGE][PASSED] - Text ****** has been set on object 'Object Repository/Page_Log in - AccountantsOffice/input_Password'

2018-09-21 13:33:58 - [TEST_STEP][PASSED] - click: Object: 'Object Repository/Page_Enter verification code - Acco/Submit code button -3' is clicked on

2018-09-21 13:33:59 - [MESSAGE][PASSED] - Object: 'Object Repository/Page_Enter verification code - Acco/Submit code button -3' is clicked on

2018-09-21 13:33:59 - [TEST_STEP][PASSED] - click: Object: 'Object Repository/Page_Welcome Greeshma Johnson - Acc/span_Payroll Relief' is clicked on

2018-09-21 13:34:01 - [MESSAGE][PASSED] - Object: 'Object Repository/Page_Welcome Greeshma Johnson - Acc/span_Payroll Relief' is clicked on

2018-09-21 13:34:01 - [TEST_STEP][PASSED] - click: Object: 'Object Repository/Page_Select Client - Payroll Relief/PR_Enter client code or name' is clicked on

2018-09-21 13:34:01 - [MESSAGE][PASSED] - Object: 'Object Repository/Page_Select Client - Payroll Relief/PR_Enter client code or name' is clicked on

2018-09-21 13:34:01 - [TEST_STEP][FAILED] - click: Unable to click on object 'Object Repository/Page_Select Client - Payroll Relief/div_SZ Organic Farm 943 sz943' (Root cause: com.kms.katalon.core.webui.exception.WebElementNotFoundException: Web element with id: 'Object Repository/Page_Select Client - Payroll Relief/div_SZ Organic Farm 943 sz943' located by 'By.xpath: //div[@id = 'select2-result-label-7' and (text() = 'SZ Organic Farm 943 [sz943]  - 09/13/2018' or . = 'SZ Organic Farm 943 [sz943]  - 09/13/2018')]' not found)

2018-09-21 13:34:22 - [MESSAGE][FAILED] - Unable to click on object 'Object Repository/Page_Select Client - Payroll Relief/div_SZ Organic Farm 943 sz943' (Root cause: com.kms.katalon.core.webui.exception.WebElementNotFoundException: Web element with id: 'Object Repository/Page_Select Client - Payroll Relief/div_SZ Organic Farm 943 sz943' located by 'By.xpath: //div[@id = 'select2-result-label-7' and (text() = 'SZ Organic Farm 943 [sz943]  - 09/13/2018' or . = 'SZ Organic Farm 943 [sz943]  - 09/13/2018')]' not found)
[[ATTACHMENT|C:\\Users\\greeshmaj.MVS_NT\\Katalon Studio\\2FactorLogin\\Reports\\August Demo\\20180921_133350\\1537551262578.png]]

2018-09-21 13:34:22 - [TEST_STEP][PASSED] - delay: Delayed 6 second(s)

2018-09-21 13:34:28 - [MESSAGE][PASSED] - Delayed 6 second(s)

2018-09-21 13:34:28 - [TEST_STEP][PASSED] - navigateToUrl: Navigate to 'https://qa-app.payrollrelief.com/Employer/Contact' successfully

2018-09-21 13:34:29 - [MESSAGE][PASSED] - Navigate to 'https://qa-app.payrollrelief.com/Employer/Contact' successfully

2018-09-21 13:34:29 - [TEST_STEP][PASSED] - navigateToUrl: Navigate to 'https://qa-app.payrollrelief.com/Employer/TaxInfo' successfully

2018-09-21 13:34:30 - [MESSAGE][PASSED] - Navigate to 'https://qa-app.payrollrelief.com/Employer/TaxInfo' successfully

2018-09-21 13:34:30 - [TEST_STEP][PASSED] - navigateToUrl: Navigate to 'https://qa-app.payrollrelief.com/Employer/PayTypes' successfully

2018-09-21 13:34:30 - [MESSAGE][PASSED] - Navigate to 'https://qa-app.payrollrelief.com/Employer/PayTypes' successfully

2018-09-21 13:34:30 - [TEST_STEP][PASSED] - navigateToUrl: Navigate to 'https://qa-app.payrollrelief.com/Employer/Deductions' successfully

2018-09-21 13:34:30 - [MESSAGE][PASSED] - Navigate to 'https://qa-app.payrollrelief.com/Employer/Deductions' successfully

2018-09-21 13:34:30 - [TEST_STEP][PASSED] - navigateToUrl: Navigate to 'https://qa-app.payrollrelief.com/Employer/Preferences' successfully

2018-09-21 13:34:31 - [MESSAGE][PASSED] - Navigate to 'https://qa-app.payrollrelief.com/Employer/Preferences' successfully

2018-09-21 13:34:31 - [TEST_STEP][PASSED] - navigateToUrl: Navigate to 'https://qa-app.payrollrelief.com/Employer/Accounts' successfully

2018-09-21 13:34:32 - [MESSAGE][PASSED] - Navigate to 'https://qa-app.payrollrelief.com/Employer/Accounts' successfully

2018-09-21 13:34:32 - [TEST_STEP][PASSED] - navigateToUrl: Navigate to 'https://qa-app.payrollrelief.com/EmployerDepartment/Department' successfully

2018-09-21 13:34:33 - [MESSAGE][PASSED] - Navigate to 'https://qa-app.payrollrelief.com/EmployerDepartment/Department' successfully

2018-09-21 13:34:33 - [TEST_STEP][PASSED] - navigateToUrl: Navigate to 'https://qa-app.payrollrelief.com/EmployerJob' successfully

2018-09-21 13:34:34 - [MESSAGE][PASSED] - Navigate to 'https://qa-app.payrollrelief.com/EmployerJob' successfully

2018-09-21 13:34:34 - [TEST_STEP][PASSED] - navigateToUrl: Navigate to 'https://qa-app.payrollrelief.com/Employer/PTODefaults' successfully

2018-09-21 13:34:34 - [MESSAGE][PASSED] - Navigate to 'https://qa-app.payrollrelief.com/Employer/PTODefaults' successfully

2018-09-21 13:34:34 - [TEST_STEP][PASSED] - navigateToUrl: Navigate to 'https://qa-app.payrollrelief.com/Employer/Permissions' successfully

2018-09-21 13:34:35 - [MESSAGE][PASSED] - Navigate to 'https://qa-app.payrollrelief.com/Employer/Permissions' successfully

2018-09-21 13:34:35 - [TEST_STEP][PASSED] - navigateToUrl: Navigate to 'https://qa-app.payrollrelief.com/Employer/EmployerSetupList' successfully

2018-09-21 13:34:35 - [MESSAGE][PASSED] - Navigate to 'https://qa-app.payrollrelief.com/Employer/EmployerSetupList' successfully

2018-09-21 13:34:35 - [TEST_STEP][PASSED] - delay: Delayed 2 second(s)

2018-09-21 13:34:37 - [MESSAGE][PASSED] - Delayed 2 second(s)

2018-09-21 13:34:37 - [TEST_STEP][PASSED] - navigateToUrl: Navigate to 'https://qa-app.payrollrelief.com/Employee' successfully

2018-09-21 13:34:38 - [MESSAGE][PASSED] - Navigate to 'https://qa-app.payrollrelief.com/Employee' successfully

2018-09-21 13:34:38 - [TEST_STEP][PASSED] - navigateToUrl: Navigate to 'https://qa-app.payrollrelief.com/Employee/List' successfully

2018-09-21 13:34:38 - [MESSAGE][PASSED] - Navigate to 'https://qa-app.payrollrelief.com/Employee/List' successfully

2018-09-21 13:34:38 - [TEST_STEP][PASSED] - navigateToUrl: Navigate to 'https://qa-app.payrollrelief.com/Employee/Import' successfully

2018-09-21 13:34:39 - [MESSAGE][PASSED] - Navigate to 'https://qa-app.payrollrelief.com/Employee/Import' successfully

2018-09-21 13:34:39 - [TEST_STEP][PASSED] - navigateToUrl: Navigate to 'https://qa-app.payrollrelief.com/Employee/Warnings' successfully

2018-09-21 13:34:40 - [MESSAGE][PASSED] - Navigate to 'https://qa-app.payrollrelief.com/Employee/Warnings' successfully

2018-09-21 13:34:40 - [TEST_STEP][PASSED] - delay: Delayed 2 second(s)

2018-09-21 13:34:42 - [MESSAGE][PASSED] - Delayed 2 second(s)

2018-09-21 13:34:42 - [TEST_STEP][PASSED] - navigateToUrl: Navigate to 'https://qa-app.payrollrelief.com/EServices/BankInfo' successfully

2018-09-21 13:34:43 - [MESSAGE][PASSED] - Navigate to 'https://qa-app.payrollrelief.com/EServices/BankInfo' successfully

2018-09-21 13:34:43 - [TEST_STEP][PASSED] - navigateToUrl: Navigate to 'https://qa-app.payrollrelief.com/EServices/Form8655' successfully

2018-09-21 13:34:43 - [MESSAGE][PASSED] - Navigate to 'https://qa-app.payrollrelief.com/EServices/Form8655' successfully

2018-09-21 13:34:43 - [TEST_STEP][PASSED] - navigateToUrl: Navigate to 'https://qa-app.payrollrelief.com/EServices/Taxes' successfully

2018-09-21 13:34:44 - [MESSAGE][PASSED] - Navigate to 'https://qa-app.payrollrelief.com/EServices/Taxes' successfully

2018-09-21 13:34:44 - [TEST_STEP][PASSED] - navigateToUrl: Navigate to 'https://qa-app.payrollrelief.com/EServices/Preferences' successfully

2018-09-21 13:34:45 - [MESSAGE][PASSED] - Navigate to 'https://qa-app.payrollrelief.com/EServices/Preferences' successfully

2018-09-21 13:34:45 - [TEST_STEP][PASSED] - navigateToUrl: Navigate to 'https://qa-app.payrollrelief.com/EServices/ACHTransactions' successfully

2018-09-21 13:34:46 - [MESSAGE][PASSED] - Navigate to 'https://qa-app.payrollrelief.com/EServices/ACHTransactions' successfully

2018-09-21 13:34:46 - [TEST_STEP][PASSED] - navigateToUrl: Navigate to 'https://qa-app.payrollrelief.com/EServices/ACHDirectFile' successfully

2018-09-21 13:34:46 - [MESSAGE][PASSED] - Navigate to 'https://qa-app.payrollrelief.com/EServices/ACHDirectFile' successfully

2018-09-21 13:34:46 - [TEST_STEP][PASSED] - navigateToUrl: Navigate to 'https://qa-app.payrollrelief.com/EServices/Recall' successfully

2018-09-21 13:34:47 - [MESSAGE][PASSED] - Navigate to 'https://qa-app.payrollrelief.com/EServices/Recall' successfully

2018-09-21 13:34:47 - [TEST_STEP][PASSED] - delay: Delayed 2 second(s)

2018-09-21 13:34:49 - [MESSAGE][PASSED] - Delayed 2 second(s)

2018-09-21 13:34:49 - [TEST_STEP][PASSED] - navigateToUrl: Navigate to 'https://qa-app.payrollrelief.com/Payroll/ListEntry' successfully

2018-09-21 13:34:50 - [MESSAGE][PASSED] - Navigate to 'https://qa-app.payrollrelief.com/Payroll/ListEntry' successfully

2018-09-21 13:34:50 - [TEST_STEP][PASSED] - navigateToUrl: Navigate to 'https://qa-app.payrollrelief.com/Payroll/Summary' successfully

2018-09-21 13:34:50 - [MESSAGE][PASSED] - Navigate to 'https://qa-app.payrollrelief.com/Payroll/Summary' successfully

2018-09-21 13:34:50 - [TEST_STEP][PASSED] - navigateToUrl: Navigate to 'https://qa-app.payrollrelief.com/Payroll/PrintChecks' successfully

2018-09-21 13:34:51 - [MESSAGE][PASSED] - Navigate to 'https://qa-app.payrollrelief.com/Payroll/PrintChecks' successfully

2018-09-21 13:34:51 - [TEST_STEP][PASSED] - navigateToUrl: Navigate to 'https://qa-app.payrollrelief.com/Payroll/Allocation' successfully

2018-09-21 13:34:51 - [MESSAGE][PASSED] - Navigate to 'https://qa-app.payrollrelief.com/Payroll/Allocation' successfully

2018-09-21 13:34:51 - [TEST_STEP][PASSED] - navigateToUrl: Navigate to 'https://qa-app.payrollrelief.com/PayrollRegister/Register' successfully

2018-09-21 13:34:53 - [MESSAGE][PASSED] - Navigate to 'https://qa-app.payrollrelief.com/PayrollRegister/Register' successfully

2018-09-21 13:34:53 - [TEST_STEP][PASSED] - navigateToUrl: Navigate to 'https://qa-app.payrollrelief.com/Payroll/EmployeePaychecks' successfully

2018-09-21 13:34:53 - [MESSAGE][PASSED] - Navigate to 'https://qa-app.payrollrelief.com/Payroll/EmployeePaychecks' successfully

2018-09-21 13:34:53 - [TEST_STEP][PASSED] - delay: Delayed 2 second(s)

2018-09-21 13:34:55 - [MESSAGE][PASSED] - Delayed 2 second(s)

2018-09-21 13:34:55 - [TEST_STEP][PASSED] - navigateToUrl: Navigate to 'https://qa-app.payrollrelief.com/Compliance/PendingPayments' successfully

2018-09-21 13:34:57 - [MESSAGE][PASSED] - Navigate to 'https://qa-app.payrollrelief.com/Compliance/PendingPayments' successfully

2018-09-21 13:34:57 - [TEST_STEP][PASSED] - navigateToUrl: Navigate to 'https://qa-app.payrollrelief.com/Compliance/TaxForms' successfully

2018-09-21 13:34:58 - [MESSAGE][PASSED] - Navigate to 'https://qa-app.payrollrelief.com/Compliance/TaxForms' successfully

2018-09-21 13:34:58 - [TEST_STEP][PASSED] - navigateToUrl: Navigate to 'https://qa-app.payrollrelief.com/Compliance/W2Forms' successfully

2018-09-21 13:34:59 - [MESSAGE][PASSED] - Navigate to 'https://qa-app.payrollrelief.com/Compliance/W2Forms' successfully

2018-09-21 13:34:59 - [TEST_STEP][PASSED] - navigateToUrl: Navigate to 'https://qa-app.payrollrelief.com/Compliance/Form1099s' successfully

2018-09-21 13:35:00 - [MESSAGE][PASSED] - Navigate to 'https://qa-app.payrollrelief.com/Compliance/Form1099s' successfully

2018-09-21 13:35:00 - [TEST_STEP][PASSED] - navigateToUrl: Navigate to 'https://qa-app.payrollrelief.com/Compliance/WageAdjustments' successfully

2018-09-21 13:35:00 - [MESSAGE][PASSED] - Navigate to 'https://qa-app.payrollrelief.com/Compliance/WageAdjustments' successfully

2018-09-21 13:35:00 - [TEST_STEP][PASSED] - navigateToUrl: Navigate to 'https://qa-app.payrollrelief.com/Compliance/ComplianceOptions' successfully

2018-09-21 13:35:01 - [MESSAGE][PASSED] - Navigate to 'https://qa-app.payrollrelief.com/Compliance/ComplianceOptions' successfully

2018-09-21 13:35:01 - [TEST_STEP][PASSED] - navigateToUrl: Navigate to 'https://qa-app.payrollrelief.com/ComplianceACA/ACAEmployer?year=0' successfully

2018-09-21 13:35:02 - [MESSAGE][PASSED] - Navigate to 'https://qa-app.payrollrelief.com/ComplianceACA/ACAEmployer?year=0' successfully

2018-09-21 13:35:02 - [TEST_STEP][PASSED] - delay: Delayed 2 second(s)

2018-09-21 13:35:04 - [MESSAGE][PASSED] - Delayed 2 second(s)

2018-09-21 13:35:04 - [TEST_STEP][PASSED] - navigateToUrl: Navigate to 'https://qa-app.payrollrelief.com/Report/PayrollRegister' successfully

2018-09-21 13:35:04 - [MESSAGE][PASSED] - Navigate to 'https://qa-app.payrollrelief.com/Report/PayrollRegister' successfully

2018-09-21 13:35:04 - [TEST_STEP][PASSED] - navigateToUrl: Navigate to 'https://qa-app.payrollrelief.com/Report/TaxLiabilitiesAndPayments' successfully

2018-09-21 13:35:05 - [MESSAGE][PASSED] - Navigate to 'https://qa-app.payrollrelief.com/Report/TaxLiabilitiesAndPayments' successfully

2018-09-21 13:35:05 - [TEST_STEP][PASSED] - navigateToUrl: Navigate to 'https://qa-app.payrollrelief.com/Report/PayrollHistory' successfully

2018-09-21 13:35:05 - [MESSAGE][PASSED] - Navigate to 'https://qa-app.payrollrelief.com/Report/PayrollHistory' successfully

2018-09-21 13:35:05 - [TEST_STEP][PASSED] - navigateToUrl: Navigate to 'https://qa-app.payrollrelief.com/Report/EmployeeList' successfully

2018-09-21 13:35:06 - [MESSAGE][PASSED] - Navigate to 'https://qa-app.payrollrelief.com/Report/EmployeeList' successfully

2018-09-21 13:35:06 - [TEST_STEP][PASSED] - navigateToUrl: Navigate to 'https://qa-app.payrollrelief.com/Report/PayrollSet?reportSetNumber=0' successfully

2018-09-21 13:35:06 - [MESSAGE][PASSED] - Navigate to 'https://qa-app.payrollrelief.com/Report/PayrollSet?reportSetNumber=0' successfully

2018-09-21 13:35:06 - [TEST_STEP][PASSED] - delay: Delayed 2 second(s)

2018-09-21 13:35:08 - [MESSAGE][PASSED] - Delayed 2 second(s)

2018-09-21 13:35:08 - [TEST_STEP][PASSED] - navigateToUrl: Navigate to 'https://qa-app.payrollrelief.com/Integration/SmartLink' successfully

2018-09-21 13:35:09 - [MESSAGE][PASSED] - Navigate to 'https://qa-app.payrollrelief.com/Integration/SmartLink' successfully

2018-09-21 13:35:09 - [TEST_STEP][PASSED] - navigateToUrl: Navigate to 'https://qa-app.payrollrelief.com/Integration/ExportGLtoQBOnline' successfully

2018-09-21 13:35:11 - [MESSAGE][PASSED] - Navigate to 'https://qa-app.payrollrelief.com/Integration/ExportGLtoQBOnline' successfully

2018-09-21 13:35:11 - [TEST_STEP][PASSED] - navigateToUrl: Navigate to 'https://qa-app.payrollrelief.com/Integration/ExportPayrollData' successfully

2018-09-21 13:35:11 - [MESSAGE][PASSED] - Navigate to 'https://qa-app.payrollrelief.com/Integration/ExportPayrollData' successfully

2018-09-21 13:35:11 - [TEST_STEP][PASSED] - navigateToUrl: Navigate to 'https://qa-app.payrollrelief.com/Integration/SwipeClock' successfully

2018-09-21 13:35:12 - [MESSAGE][PASSED] - Navigate to 'https://qa-app.payrollrelief.com/Integration/SwipeClock' successfully

2018-09-21 13:35:12 - [TEST_STEP][PASSED] - delay: Delayed 2 second(s)

2018-09-21 13:35:14 - [MESSAGE][PASSED] - Delayed 2 second(s)

2018-09-21 13:35:14 - [TEST_STEP][PASSED] - navigateToUrl: Navigate to 'https://qa-app.payrollrelief.com/Resources/TrainingVideos' successfully

2018-09-21 13:35:14 - [MESSAGE][PASSED] - Navigate to 'https://qa-app.payrollrelief.com/Resources/TrainingVideos' successfully

2018-09-21 13:35:14 - [TEST_STEP][PASSED] - navigateToUrl: Navigate to 'https://qa-app.payrollrelief.com/Resources/SupportDocs' successfully

2018-09-21 13:35:15 - [MESSAGE][PASSED] - Navigate to 'https://qa-app.payrollrelief.com/Resources/SupportDocs' successfully

2018-09-21 13:35:15 - [TEST_STEP][PASSED] - navigateToUrl: Navigate to 'https://qa-app.payrollrelief.com/EmploymentForms' successfully

2018-09-21 13:35:16 - [MESSAGE][PASSED] - Navigate to 'https://qa-app.payrollrelief.com/EmploymentForms' successfully

2018-09-21 13:35:16 - [TEST_STEP][PASSED] - navigateToUrl: Navigate to 'https://qa-app.payrollrelief.com/Resources/FormsandPubs' successfully

2018-09-21 13:35:16 - [MESSAGE][PASSED] - Navigate to 'https://qa-app.payrollrelief.com/Resources/FormsandPubs' successfully

2018-09-21 13:35:16 - [TEST_STEP][PASSED] - navigateToUrl: Navigate to 'https://qa-app.payrollrelief.com/Resources/Links' successfully

2018-09-21 13:35:17 - [MESSAGE][PASSED] - Navigate to 'https://qa-app.payrollrelief.com/Resources/Links' successfully

2018-09-21 13:35:17 - [TEST_STEP][PASSED] - navigateToUrl: Navigate to 'https://qa-app.payrollrelief.com/Resources/Tools' successfully

2018-09-21 13:35:17 - [MESSAGE][PASSED] - Navigate to 'https://qa-app.payrollrelief.com/Resources/Tools' successfully

2018-09-21 13:35:17 - [TEST_STEP][PASSED] - navigateToUrl: Navigate to 'https://qa-app.payrollrelief.com/Resources/Webinars' successfully

2018-09-21 13:35:17 - [MESSAGE][PASSED] - Navigate to 'https://qa-app.payrollrelief.com/Resources/Webinars' successfully

2018-09-21 13:35:17 - [TEST_STEP][PASSED] - navigateToUrl: Navigate to 'https://qa-app.payrollrelief.com/Resources/Marketing' successfully

2018-09-21 13:35:18 - [MESSAGE][PASSED] - Navigate to 'https://qa-app.payrollrelief.com/Resources/Marketing' successfully

2018-09-21 13:35:18 - [TEST_STEP][PASSED] - navigateToUrl: Navigate to 'https://qa-app.payrollrelief.com/Resources/FormsandPubs?samplereports=1' successfully

2018-09-21 13:35:18 - [MESSAGE][PASSED] - Navigate to 'https://qa-app.payrollrelief.com/Resources/FormsandPubs?samplereports=1' successfully

2018-09-21 13:35:18 - [TEST_STEP][PASSED] - delay: Delayed 2 second(s)

2018-09-21 13:35:20 - [MESSAGE][PASSED] - Delayed 2 second(s)

2018-09-21 13:35:20 - [TEST_STEP][PASSED] - navigateToUrl: Navigate to 'https://qa-app.payrollrelief.com/Firm/PayrollCenter' successfully

2018-09-21 13:35:21 - [MESSAGE][PASSED] - Navigate to 'https://qa-app.payrollrelief.com/Firm/PayrollCenter' successfully

2018-09-21 13:35:21 - [TEST_STEP][PASSED] - navigateToUrl: Navigate to 'https://qa-app.payrollrelief.com/PayrollActivity/TodaysPayroll?finalized=True' successfully

2018-09-21 13:35:22 - [MESSAGE][PASSED] - Navigate to 'https://qa-app.payrollrelief.com/PayrollActivity/TodaysPayroll?finalized=True' successfully

2018-09-21 13:35:22 - [TEST_STEP][PASSED] - navigateToUrl: Navigate to 'https://qa-app.payrollrelief.com/ManageCompliance/Exceptions?clientId=-1' successfully

2018-09-21 13:35:23 - [MESSAGE][PASSED] - Navigate to 'https://qa-app.payrollrelief.com/ManageCompliance/Exceptions?clientId=-1' successfully

2018-09-21 13:35:23 - [TEST_STEP][PASSED] - navigateToUrl: Navigate to 'https://qa-app.payrollrelief.com/ACHApplication/GetACHApplicationDetails' successfully

2018-09-21 13:35:24 - [MESSAGE][PASSED] - Navigate to 'https://qa-app.payrollrelief.com/ACHApplication/GetACHApplicationDetails' successfully

2018-09-21 13:35:24 - [TEST_STEP][PASSED] - navigateToUrl: Navigate to 'https://qa-app.payrollrelief.com/Firm/Manage8655' successfully

2018-09-21 13:35:25 - [MESSAGE][PASSED] - Navigate to 'https://qa-app.payrollrelief.com/Firm/Manage8655' successfully

2018-09-21 13:35:25 - [TEST_STEP][PASSED] - navigateToUrl: Navigate to 'https://qa-app.payrollrelief.com/TaskManager/GetTaskDetails' successfully

2018-09-21 13:35:26 - [MESSAGE][PASSED] - Navigate to 'https://qa-app.payrollrelief.com/TaskManager/GetTaskDetails' successfully

2018-09-21 13:35:26 - [TEST_STEP][PASSED] - delay: Delayed 2 second(s)

2018-09-21 13:35:28 - [MESSAGE][PASSED] - Delayed 2 second(s)

2018-09-21 13:35:28 - [TEST_STEP][PASSED] - navigateToUrl: Navigate to 'https://qa-app.payrollrelief.com/Firm/ClientManagement' successfully

2018-09-21 13:35:28 - [MESSAGE][PASSED] - Navigate to 'https://qa-app.payrollrelief.com/Firm/ClientManagement' successfully

2018-09-21 13:35:28 - [TEST_STEP][PASSED] - navigateToUrl: Navigate to 'https://qa-app.payrollrelief.com/Firm/FirmOptions' successfully

2018-09-21 13:35:29 - [MESSAGE][PASSED] - Navigate to 'https://qa-app.payrollrelief.com/Firm/FirmOptions' successfully

2018-09-21 13:35:29 - [TEST_STEP][PASSED] - navigateToUrl: Navigate to 'https://qa-app.payrollrelief.com/EmailsSent/GetEmailsSent' successfully

2018-09-21 13:35:30 - [MESSAGE][PASSED] - Navigate to 'https://qa-app.payrollrelief.com/EmailsSent/GetEmailsSent' successfully

2018-09-21 13:35:30 - [TEST_STEP][PASSED] - navigateToUrl: Navigate to 'https://qa-app.payrollrelief.com/Firm/Announcements' successfully

2018-09-21 13:35:31 - [MESSAGE][PASSED] - Navigate to 'https://qa-app.payrollrelief.com/Firm/Announcements' successfully

2018-09-21 13:35:31 - [TEST_STEP][PASSED] - navigateToUrl: Navigate to 'https://qa-app.payrollrelief.com/Firm/Announcements' successfully

2018-09-21 13:35:31 - [MESSAGE][PASSED] - Navigate to 'https://qa-app.payrollrelief.com/Firm/Announcements' successfully

2018-09-21 13:35:31 - [TEST_STEP][PASSED] - navigateToUrl: Navigate to 'https://qa-app.payrollrelief.com/Firm/ClientCharges' successfully

2018-09-21 13:35:31 - [MESSAGE][PASSED] - Navigate to 'https://qa-app.payrollrelief.com/Firm/ClientCharges' successfully

2018-09-21 13:35:31 - [TEST_STEP][PASSED] - navigateToUrl: Navigate to 'https://qa-app.payrollrelief.com/Batch/Emailing' successfully

2018-09-21 13:35:33 - [MESSAGE][PASSED] - Navigate to 'https://qa-app.payrollrelief.com/Batch/Emailing' successfully

2018-09-21 13:35:33 - [TEST_STEP][PASSED] - delay: Delayed 2 second(s)

2018-09-21 13:35:35 - [MESSAGE][PASSED] - Delayed 2 second(s)

2018-09-21 13:35:35 - [TEST_STEP][PASSED] - navigateToUrl: Navigate to 'https://qa-app.payrollrelief.com/Batch/Processing' successfully

2018-09-21 13:35:35 - [MESSAGE][PASSED] - Navigate to 'https://qa-app.payrollrelief.com/Batch/Processing' successfully

2018-09-21 13:35:35 - [TEST_STEP][PASSED] - navigateToUrl: Navigate to 'https://qa-app.payrollrelief.com/Batch/ApprovePayrolls' successfully

2018-09-21 13:35:36 - [MESSAGE][PASSED] - Navigate to 'https://qa-app.payrollrelief.com/Batch/ApprovePayrolls' successfully

2018-09-21 13:35:36 - [TEST_STEP][PASSED] - navigateToUrl: Navigate to 'https://qa-app.payrollrelief.com/Batch/Printing' successfully

2018-09-21 13:35:36 - [MESSAGE][PASSED] - Navigate to 'https://qa-app.payrollrelief.com/Batch/Printing' successfully

2018-09-21 13:35:36 - [TEST_STEP][PASSED] - navigateToUrl: Navigate to 'https://qa-app.payrollrelief.com/Batch/ArchiveForms' successfully

2018-09-21 13:35:37 - [MESSAGE][PASSED] - Navigate to 'https://qa-app.payrollrelief.com/Batch/ArchiveForms' successfully

2018-09-21 13:35:37 - [TEST_STEP][PASSED] - navigateToUrl: Navigate to 'https://qa-app.payrollrelief.com/Batch/ProcessW2s' successfully

2018-09-21 13:35:37 - [MESSAGE][PASSED] - Navigate to 'https://qa-app.payrollrelief.com/Batch/ProcessW2s' successfully

2018-09-21 13:35:37 - [TEST_STEP][PASSED] - delay: Delayed 2 second(s)

2018-09-21 13:35:39 - [MESSAGE][PASSED] - Delayed 2 second(s)

2018-09-21 13:35:39 - [TEST_STEP][PASSED] - click: Object: 'Object Repository/Page_Notes - Payroll Relief/Help Icon' is clicked on

2018-09-21 13:35:40 - [MESSAGE][PASSED] - Object: 'Object Repository/Page_Notes - Payroll Relief/Help Icon' is clicked on

2018-09-21 13:35:40 - [TEST_STEP][PASSED] - click: Object: 'Object Repository/Page_Notes - Payroll Relief/Notes Icon' is clicked on

2018-09-21 13:35:41 - [MESSAGE][PASSED] - Object: 'Object Repository/Page_Notes - Payroll Relief/Notes Icon' is clicked on

2018-09-21 13:35:41 - [TEST_STEP][PASSED] - click: Object: 'Object Repository/Page_Notes - Payroll Relief/Support Icon' is clicked on

2018-09-21 13:35:41 - [MESSAGE][PASSED] - Object: 'Object Repository/Page_Notes - Payroll Relief/Support Icon' is clicked on

2018-09-21 13:35:41 - [TEST_STEP][PASSED] - closeBrowser: Browser is closed

2018-09-21 13:35:42 - [MESSAGE][PASSED] - Browser is closed]]></system-out>
         <system-err><![CDATA[2018-09-21 13:33:52 - [TEST_CASE][FAILED] - Test Cases/All Pages in PR: Test Cases/All Pages in PR FAILED because (of) (Stack trace: com.kms.katalon.core.exception.StepFailedException: Unable to click on object 'Object Repository/Page_Select Client - Payroll Relief/div_SZ Organic Farm 943 sz943' (Root cause: com.kms.katalon.core.webui.exception.WebElementNotFoundException: Web element with id: 'Object Repository/Page_Select Client - Payroll Relief/div_SZ Organic Farm 943 sz943' located by 'By.xpath: //div[@id = 'select2-result-label-7' and (text() = 'SZ Organic Farm 943 [sz943]  - 09/13/2018' or . = 'SZ Organic Farm 943 [sz943]  - 09/13/2018')]' not found)
	at com.kms.katalon.core.keyword.internal.KeywordMain.stepFailed(KeywordMain.groovy:32)
	at com.kms.katalon.core.webui.keyword.internal.WebUIKeywordMain.stepFailed(WebUIKeywordMain.groovy:65)
	at com.kms.katalon.core.webui.keyword.internal.WebUIKeywordMain.runKeyword(WebUIKeywordMain.groovy:27)
	at com.kms.katalon.core.webui.keyword.builtin.ClickKeyword.click(ClickKeyword.groovy:86)
	at com.kms.katalon.core.webui.keyword.builtin.ClickKeyword.execute(ClickKeyword.groovy:67)
	at com.kms.katalon.core.keyword.internal.KeywordExecutor.executeKeywordForPlatform(KeywordExecutor.groovy:53)
	at com.kms.katalon.core.webui.keyword.WebUiBuiltInKeywords.click(WebUiBuiltInKeywords.groovy:616)
	at com.kms.katalon.core.webui.keyword.WebUiBuiltInKeywords$click$3.call(Unknown Source)
	at org.codehaus.groovy.runtime.callsite.CallSiteArray.defaultCall(CallSiteArray.java:48)
	at org.codehaus.groovy.runtime.callsite.AbstractCallSite.call(AbstractCallSite.java:113)
	at org.codehaus.groovy.runtime.callsite.AbstractCallSite.call(AbstractCallSite.java:125)
	at Script1535385857315.run(Script1535385857315.groovy:36)
	at com.kms.katalon.core.main.ScriptEngine.run(ScriptEngine.java:183)
	at com.kms.katalon.core.main.ScriptEngine.runScriptAsRawText(ScriptEngine.java:108)
	at com.kms.katalon.core.main.TestCaseExecutor.runScript(TestCaseExecutor.java:294)
	at com.kms.katalon.core.main.TestCaseExecutor.doExecute(TestCaseExecutor.java:285)
	at com.kms.katalon.core.main.TestCaseExecutor.processExecutionPhase(TestCaseExecutor.java:264)
	at com.kms.katalon.core.main.TestCaseExecutor.accessMainPhase(TestCaseExecutor.java:256)
	at com.kms.katalon.core.main.TestCaseExecutor.execute(TestCaseExecutor.java:200)
	at com.kms.katalon.core.main.TestSuiteExecutor.accessTestCaseMainPhase(TestSuiteExecutor.java:129)
	at com.kms.katalon.core.main.TestSuiteExecutor.accessTestSuiteMainPhase(TestSuiteExecutor.java:112)
	at com.kms.katalon.core.main.TestSuiteExecutor.execute(TestSuiteExecutor.java:81)
	at com.kms.katalon.core.main.TestCaseMain.startTestSuite(TestCaseMain.java:142)
	at com.kms.katalon.core.main.TestCaseMain$startTestSuite$0.call(Unknown Source)
	at org.codehaus.groovy.runtime.callsite.CallSiteArray.defaultCall(CallSiteArray.java:48)
	at org.codehaus.groovy.runtime.callsite.AbstractCallSite.call(AbstractCallSite.java:113)
	at org.codehaus.groovy.runtime.callsite.AbstractCallSite.call(AbstractCallSite.java:141)
	at TempTestSuite1537551230498.run(TempTestSuite1537551230498.groovy:36)
	at groovy.lang.GroovyShell.runScriptOrMainOrTestOrRunnable(GroovyShell.java:263)
	at groovy.lang.GroovyShell.run(GroovyShell.java:518)
	at groovy.lang.GroovyShell.run(GroovyShell.java:507)
	at groovy.ui.GroovyMain.processOnce(GroovyMain.java:653)
	at groovy.ui.GroovyMain.run(GroovyMain.java:384)
	at groovy.ui.GroovyMain.process(GroovyMain.java:370)
	at groovy.ui.GroovyMain.processArgs(GroovyMain.java:129)
	at groovy.ui.GroovyMain.main(GroovyMain.java:109)
	at sun.reflect.NativeMethodAccessorImpl.invoke0(Native Method)
	at sun.reflect.NativeMethodAccessorImpl.invoke(NativeMethodAccessorImpl.java:62)
	at sun.reflect.DelegatingMethodAccessorImpl.invoke(DelegatingMethodAccessorImpl.java:43)
	at java.lang.reflect.Method.invoke(Method.java:498)
	at org.codehaus.groovy.tools.GroovyStarter.rootLoader(GroovyStarter.java:109)
	at org.codehaus.groovy.tools.GroovyStarter.main(GroovyStarter.java:131)
)]]></system-err>
      </testcase>
      <testcase name="Test Cases/Run Payroll" classname="Test Cases/Run Payroll" status="FAILED">
         <failure type="FAILED" message="(Stack trace: com.kms.katalon.core.exception.StepFailedException: Unable to click on object 'Object Repository/Page_Select Client - Payroll Relief/div_SZ Organic Farm 943 sz943' (Root cause: com.kms.katalon.core.webui.exception.WebElementNotFoundException: Web element with id: 'Object Repository/Page_Select Client - Payroll Relief/div_SZ Organic Farm 943 sz943' located by 'By.xpath: //div[@id = 'select2-result-label-7' and (text() = 'SZ Organic Farm 943 [sz943]  - 09/13/2018' or . = 'SZ Organic Farm 943 [sz943]  - 09/13/2018')]' not found)
	at com.kms.katalon.core.keyword.internal.KeywordMain.stepFailed(KeywordMain.groovy:32)
	at com.kms.katalon.core.webui.keyword.internal.WebUIKeywordMain.stepFailed(WebUIKeywordMain.groovy:65)
	at com.kms.katalon.core.webui.keyword.internal.WebUIKeywordMain.runKeyword(WebUIKeywordMain.groovy:27)
	at com.kms.katalon.core.webui.keyword.builtin.ClickKeyword.click(ClickKeyword.groovy:86)
	at com.kms.katalon.core.webui.keyword.builtin.ClickKeyword.execute(ClickKeyword.groovy:67)
	at com.kms.katalon.core.keyword.internal.KeywordExecutor.executeKeywordForPlatform(KeywordExecutor.groovy:53)
	at com.kms.katalon.core.webui.keyword.WebUiBuiltInKeywords.click(WebUiBuiltInKeywords.groovy:616)
	at com.kms.katalon.core.webui.keyword.WebUiBuiltInKeywords$click$3.call(Unknown Source)
	at org.codehaus.groovy.runtime.callsite.CallSiteArray.defaultCall(CallSiteArray.java:48)
	at org.codehaus.groovy.runtime.callsite.AbstractCallSite.call(AbstractCallSite.java:113)
	at org.codehaus.groovy.runtime.callsite.AbstractCallSite.call(AbstractCallSite.java:125)
	at Script1534865191104.run(Script1534865191104.groovy:36)
	at com.kms.katalon.core.main.ScriptEngine.run(ScriptEngine.java:183)
	at com.kms.katalon.core.main.ScriptEngine.runScriptAsRawText(ScriptEngine.java:108)
	at com.kms.katalon.core.main.TestCaseExecutor.runScript(TestCaseExecutor.java:294)
	at com.kms.katalon.core.main.TestCaseExecutor.doExecute(TestCaseExecutor.java:285)
	at com.kms.katalon.core.main.TestCaseExecutor.processExecutionPhase(TestCaseExecutor.java:264)
	at com.kms.katalon.core.main.TestCaseExecutor.accessMainPhase(TestCaseExecutor.java:256)
	at com.kms.katalon.core.main.TestCaseExecutor.execute(TestCaseExecutor.java:200)
	at com.kms.katalon.core.main.TestSuiteExecutor.accessTestCaseMainPhase(TestSuiteExecutor.java:129)
	at com.kms.katalon.core.main.TestSuiteExecutor.accessTestSuiteMainPhase(TestSuiteExecutor.java:112)
	at com.kms.katalon.core.main.TestSuiteExecutor.execute(TestSuiteExecutor.java:81)
	at com.kms.katalon.core.main.TestCaseMain.startTestSuite(TestCaseMain.java:142)
	at com.kms.katalon.core.main.TestCaseMain$startTestSuite$0.call(Unknown Source)
	at org.codehaus.groovy.runtime.callsite.CallSiteArray.defaultCall(CallSiteArray.java:48)
	at org.codehaus.groovy.runtime.callsite.AbstractCallSite.call(AbstractCallSite.java:113)
	at org.codehaus.groovy.runtime.callsite.AbstractCallSite.call(AbstractCallSite.java:141)
	at TempTestSuite1537551230498.run(TempTestSuite1537551230498.groovy:36)
	at groovy.lang.GroovyShell.runScriptOrMainOrTestOrRunnable(GroovyShell.java:263)
	at groovy.lang.GroovyShell.run(GroovyShell.java:518)
	at groovy.lang.GroovyShell.run(GroovyShell.java:507)
	at groovy.ui.GroovyMain.processOnce(GroovyMain.java:653)
	at groovy.ui.GroovyMain.run(GroovyMain.java:384)
	at groovy.ui.GroovyMain.process(GroovyMain.java:370)
	at groovy.ui.GroovyMain.processArgs(GroovyMain.java:129)
	at groovy.ui.GroovyMain.main(GroovyMain.java:109)
	at sun.reflect.NativeMethodAccessorImpl.invoke0(Native Method)
	at sun.reflect.NativeMethodAccessorImpl.invoke(NativeMethodAccessorImpl.java:62)
	at sun.reflect.DelegatingMethodAccessorImpl.invoke(DelegatingMethodAccessorImpl.java:43)
	at java.lang.reflect.Method.invoke(Method.java:498)
	at org.codehaus.groovy.tools.GroovyStarter.rootLoader(GroovyStarter.java:109)
	at org.codehaus.groovy.tools.GroovyStarter.main(GroovyStarter.java:131)
)"/>
         <system-out><![CDATA[2018-09-21 13:35:44 - [TEST_CASE][FAILED] - Test Cases/Run Payroll: Test Cases/Run Payroll FAILED because (of) (Stack trace: com.kms.katalon.core.exception.StepFailedException: Unable to click on object 'Object Repository/Page_Select Client - Payroll Relief/div_SZ Organic Farm 943 sz943' (Root cause: com.kms.katalon.core.webui.exception.WebElementNotFoundException: Web element with id: 'Object Repository/Page_Select Client - Payroll Relief/div_SZ Organic Farm 943 sz943' located by 'By.xpath: //div[@id = 'select2-result-label-7' and (text() = 'SZ Organic Farm 943 [sz943]  - 09/13/2018' or . = 'SZ Organic Farm 943 [sz943]  - 09/13/2018')]' not found)
	at com.kms.katalon.core.keyword.internal.KeywordMain.stepFailed(KeywordMain.groovy:32)
	at com.kms.katalon.core.webui.keyword.internal.WebUIKeywordMain.stepFailed(WebUIKeywordMain.groovy:65)
	at com.kms.katalon.core.webui.keyword.internal.WebUIKeywordMain.runKeyword(WebUIKeywordMain.groovy:27)
	at com.kms.katalon.core.webui.keyword.builtin.ClickKeyword.click(ClickKeyword.groovy:86)
	at com.kms.katalon.core.webui.keyword.builtin.ClickKeyword.execute(ClickKeyword.groovy:67)
	at com.kms.katalon.core.keyword.internal.KeywordExecutor.executeKeywordForPlatform(KeywordExecutor.groovy:53)
	at com.kms.katalon.core.webui.keyword.WebUiBuiltInKeywords.click(WebUiBuiltInKeywords.groovy:616)
	at com.kms.katalon.core.webui.keyword.WebUiBuiltInKeywords$click$3.call(Unknown Source)
	at org.codehaus.groovy.runtime.callsite.CallSiteArray.defaultCall(CallSiteArray.java:48)
	at org.codehaus.groovy.runtime.callsite.AbstractCallSite.call(AbstractCallSite.java:113)
	at org.codehaus.groovy.runtime.callsite.AbstractCallSite.call(AbstractCallSite.java:125)
	at Script1534865191104.run(Script1534865191104.groovy:36)
	at com.kms.katalon.core.main.ScriptEngine.run(ScriptEngine.java:183)
	at com.kms.katalon.core.main.ScriptEngine.runScriptAsRawText(ScriptEngine.java:108)
	at com.kms.katalon.core.main.TestCaseExecutor.runScript(TestCaseExecutor.java:294)
	at com.kms.katalon.core.main.TestCaseExecutor.doExecute(TestCaseExecutor.java:285)
	at com.kms.katalon.core.main.TestCaseExecutor.processExecutionPhase(TestCaseExecutor.java:264)
	at com.kms.katalon.core.main.TestCaseExecutor.accessMainPhase(TestCaseExecutor.java:256)
	at com.kms.katalon.core.main.TestCaseExecutor.execute(TestCaseExecutor.java:200)
	at com.kms.katalon.core.main.TestSuiteExecutor.accessTestCaseMainPhase(TestSuiteExecutor.java:129)
	at com.kms.katalon.core.main.TestSuiteExecutor.accessTestSuiteMainPhase(TestSuiteExecutor.java:112)
	at com.kms.katalon.core.main.TestSuiteExecutor.execute(TestSuiteExecutor.java:81)
	at com.kms.katalon.core.main.TestCaseMain.startTestSuite(TestCaseMain.java:142)
	at com.kms.katalon.core.main.TestCaseMain$startTestSuite$0.call(Unknown Source)
	at org.codehaus.groovy.runtime.callsite.CallSiteArray.defaultCall(CallSiteArray.java:48)
	at org.codehaus.groovy.runtime.callsite.AbstractCallSite.call(AbstractCallSite.java:113)
	at org.codehaus.groovy.runtime.callsite.AbstractCallSite.call(AbstractCallSite.java:141)
	at TempTestSuite1537551230498.run(TempTestSuite1537551230498.groovy:36)
	at groovy.lang.GroovyShell.runScriptOrMainOrTestOrRunnable(GroovyShell.java:263)
	at groovy.lang.GroovyShell.run(GroovyShell.java:518)
	at groovy.lang.GroovyShell.run(GroovyShell.java:507)
	at groovy.ui.GroovyMain.processOnce(GroovyMain.java:653)
	at groovy.ui.GroovyMain.run(GroovyMain.java:384)
	at groovy.ui.GroovyMain.process(GroovyMain.java:370)
	at groovy.ui.GroovyMain.processArgs(GroovyMain.java:129)
	at groovy.ui.GroovyMain.main(GroovyMain.java:109)
	at sun.reflect.NativeMethodAccessorImpl.invoke0(Native Method)
	at sun.reflect.NativeMethodAccessorImpl.invoke(NativeMethodAccessorImpl.java:62)
	at sun.reflect.DelegatingMethodAccessorImpl.invoke(DelegatingMethodAccessorImpl.java:43)
	at java.lang.reflect.Method.invoke(Method.java:498)
	at org.codehaus.groovy.tools.GroovyStarter.rootLoader(GroovyStarter.java:109)
	at org.codehaus.groovy.tools.GroovyStarter.main(GroovyStarter.java:131)
)

2018-09-21 13:35:44 - [TEST_STEP][PASSED] - openBrowser: Browser is opened with url: ''

2018-09-21 13:35:47 - [MESSAGE][PASSED] - Browser is opened with url: ''

2018-09-21 13:35:47 - [TEST_STEP][PASSED] - navigateToUrl: Navigate to 'https://qa-login.accountantsoffice.com/login?firmCode=aworldqa' successfully

2018-09-21 13:35:47 - [MESSAGE][PASSED] - Navigate to 'https://qa-login.accountantsoffice.com/login?firmCode=aworldqa' successfully

2018-09-21 13:35:47 - [TEST_STEP][PASSED] - setText: Text 'greeshmaj' is set on object 'Object Repository/Page_Log in - AccountantsOffice/input_UserName'

2018-09-21 13:35:48 - [MESSAGE][PASSED] - Text 'greeshmaj' is set on object 'Object Repository/Page_Log in - AccountantsOffice/input_UserName'

2018-09-21 13:35:48 - [TEST_STEP][PASSED] - setEncryptedText: Text ****** has been set on object 'Object Repository/Page_Log in - AccountantsOffice/input_Password'

2018-09-21 13:35:48 - [MESSAGE][PASSED] - Text ****** has been set on object 'Object Repository/Page_Log in - AccountantsOffice/input_Password'

2018-09-21 13:35:48 - [TEST_STEP][PASSED] - click: Object: 'Object Repository/Page_Enter verification code - Acco/Submit code button -3' is clicked on

2018-09-21 13:35:49 - [MESSAGE][PASSED] - Object: 'Object Repository/Page_Enter verification code - Acco/Submit code button -3' is clicked on

2018-09-21 13:35:49 - [TEST_STEP][PASSED] - click: Object: 'Object Repository/Page_Welcome Greeshma Johnson - Acc/span_Payroll Relief' is clicked on

2018-09-21 13:35:49 - [MESSAGE][PASSED] - Object: 'Object Repository/Page_Welcome Greeshma Johnson - Acc/span_Payroll Relief' is clicked on

2018-09-21 13:35:49 - [TEST_STEP][PASSED] - click: Object: 'Object Repository/Page_Select Client - Payroll Relief/PR_Enter client code or name' is clicked on

2018-09-21 13:35:51 - [MESSAGE][PASSED] - Object: 'Object Repository/Page_Select Client - Payroll Relief/PR_Enter client code or name' is clicked on

2018-09-21 13:35:51 - [TEST_STEP][FAILED] - click: Unable to click on object 'Object Repository/Page_Select Client - Payroll Relief/div_SZ Organic Farm 943 sz943' (Root cause: com.kms.katalon.core.webui.exception.WebElementNotFoundException: Web element with id: 'Object Repository/Page_Select Client - Payroll Relief/div_SZ Organic Farm 943 sz943' located by 'By.xpath: //div[@id = 'select2-result-label-7' and (text() = 'SZ Organic Farm 943 [sz943]  - 09/13/2018' or . = 'SZ Organic Farm 943 [sz943]  - 09/13/2018')]' not found)

2018-09-21 13:36:12 - [MESSAGE][FAILED] - Unable to click on object 'Object Repository/Page_Select Client - Payroll Relief/div_SZ Organic Farm 943 sz943' (Root cause: com.kms.katalon.core.webui.exception.WebElementNotFoundException: Web element with id: 'Object Repository/Page_Select Client - Payroll Relief/div_SZ Organic Farm 943 sz943' located by 'By.xpath: //div[@id = 'select2-result-label-7' and (text() = 'SZ Organic Farm 943 [sz943]  - 09/13/2018' or . = 'SZ Organic Farm 943 [sz943]  - 09/13/2018')]' not found)
[[ATTACHMENT|C:\\Users\\greeshmaj.MVS_NT\\Katalon Studio\\2FactorLogin\\Reports\\August Demo\\20180921_133350\\1537551371901.png]]

2018-09-21 13:36:12 - [TEST_STEP][PASSED] - delay: Delayed 5 second(s)

2018-09-21 13:36:17 - [MESSAGE][PASSED] - Delayed 5 second(s)

2018-09-21 13:36:17 - [TEST_STEP][PASSED] - navigateToUrl: Navigate to 'https://qa-app.payrollrelief.com/Payroll/ListEntry' successfully

2018-09-21 13:36:18 - [MESSAGE][PASSED] - Navigate to 'https://qa-app.payrollrelief.com/Payroll/ListEntry' successfully

2018-09-21 13:36:18 - [TEST_STEP][PASSED] - click: Object: 'Object Repository/Page_Payroll Entry - Payroll Relief/button_Calculate' is clicked on

2018-09-21 13:36:18 - [MESSAGE][PASSED] - Object: 'Object Repository/Page_Payroll Entry - Payroll Relief/button_Calculate' is clicked on

2018-09-21 13:36:18 - [TEST_STEP][PASSED] - click: Object: 'Object Repository/Page_Payroll Summary - Payroll Reli/button_Approve' is clicked on

2018-09-21 13:36:20 - [MESSAGE][PASSED] - Object: 'Object Repository/Page_Payroll Summary - Payroll Reli/button_Approve' is clicked on

2018-09-21 13:36:20 - [TEST_STEP][PASSED] - click: Object: 'Object Repository/Page_Print Checks - Payroll Relief/button_Archive' is clicked on

2018-09-21 13:36:23 - [MESSAGE][PASSED] - Object: 'Object Repository/Page_Print Checks - Payroll Relief/button_Archive' is clicked on

2018-09-21 13:36:23 - [TEST_STEP][PASSED] - click: Object: 'Object Repository/Page_Print Checks - Payroll Relief/button_Yes' is clicked on

2018-09-21 13:36:23 - [MESSAGE][PASSED] - Object: 'Object Repository/Page_Print Checks - Payroll Relief/button_Yes' is clicked on]]></system-out>
         <system-err><![CDATA[2018-09-21 13:35:44 - [TEST_CASE][FAILED] - Test Cases/Run Payroll: Test Cases/Run Payroll FAILED because (of) (Stack trace: com.kms.katalon.core.exception.StepFailedException: Unable to click on object 'Object Repository/Page_Select Client - Payroll Relief/div_SZ Organic Farm 943 sz943' (Root cause: com.kms.katalon.core.webui.exception.WebElementNotFoundException: Web element with id: 'Object Repository/Page_Select Client - Payroll Relief/div_SZ Organic Farm 943 sz943' located by 'By.xpath: //div[@id = 'select2-result-label-7' and (text() = 'SZ Organic Farm 943 [sz943]  - 09/13/2018' or . = 'SZ Organic Farm 943 [sz943]  - 09/13/2018')]' not found)
	at com.kms.katalon.core.keyword.internal.KeywordMain.stepFailed(KeywordMain.groovy:32)
	at com.kms.katalon.core.webui.keyword.internal.WebUIKeywordMain.stepFailed(WebUIKeywordMain.groovy:65)
	at com.kms.katalon.core.webui.keyword.internal.WebUIKeywordMain.runKeyword(WebUIKeywordMain.groovy:27)
	at com.kms.katalon.core.webui.keyword.builtin.ClickKeyword.click(ClickKeyword.groovy:86)
	at com.kms.katalon.core.webui.keyword.builtin.ClickKeyword.execute(ClickKeyword.groovy:67)
	at com.kms.katalon.core.keyword.internal.KeywordExecutor.executeKeywordForPlatform(KeywordExecutor.groovy:53)
	at com.kms.katalon.core.webui.keyword.WebUiBuiltInKeywords.click(WebUiBuiltInKeywords.groovy:616)
	at com.kms.katalon.core.webui.keyword.WebUiBuiltInKeywords$click$3.call(Unknown Source)
	at org.codehaus.groovy.runtime.callsite.CallSiteArray.defaultCall(CallSiteArray.java:48)
	at org.codehaus.groovy.runtime.callsite.AbstractCallSite.call(AbstractCallSite.java:113)
	at org.codehaus.groovy.runtime.callsite.AbstractCallSite.call(AbstractCallSite.java:125)
	at Script1534865191104.run(Script1534865191104.groovy:36)
	at com.kms.katalon.core.main.ScriptEngine.run(ScriptEngine.java:183)
	at com.kms.katalon.core.main.ScriptEngine.runScriptAsRawText(ScriptEngine.java:108)
	at com.kms.katalon.core.main.TestCaseExecutor.runScript(TestCaseExecutor.java:294)
	at com.kms.katalon.core.main.TestCaseExecutor.doExecute(TestCaseExecutor.java:285)
	at com.kms.katalon.core.main.TestCaseExecutor.processExecutionPhase(TestCaseExecutor.java:264)
	at com.kms.katalon.core.main.TestCaseExecutor.accessMainPhase(TestCaseExecutor.java:256)
	at com.kms.katalon.core.main.TestCaseExecutor.execute(TestCaseExecutor.java:200)
	at com.kms.katalon.core.main.TestSuiteExecutor.accessTestCaseMainPhase(TestSuiteExecutor.java:129)
	at com.kms.katalon.core.main.TestSuiteExecutor.accessTestSuiteMainPhase(TestSuiteExecutor.java:112)
	at com.kms.katalon.core.main.TestSuiteExecutor.execute(TestSuiteExecutor.java:81)
	at com.kms.katalon.core.main.TestCaseMain.startTestSuite(TestCaseMain.java:142)
	at com.kms.katalon.core.main.TestCaseMain$startTestSuite$0.call(Unknown Source)
	at org.codehaus.groovy.runtime.callsite.CallSiteArray.defaultCall(CallSiteArray.java:48)
	at org.codehaus.groovy.runtime.callsite.AbstractCallSite.call(AbstractCallSite.java:113)
	at org.codehaus.groovy.runtime.callsite.AbstractCallSite.call(AbstractCallSite.java:141)
	at TempTestSuite1537551230498.run(TempTestSuite1537551230498.groovy:36)
	at groovy.lang.GroovyShell.runScriptOrMainOrTestOrRunnable(GroovyShell.java:263)
	at groovy.lang.GroovyShell.run(GroovyShell.java:518)
	at groovy.lang.GroovyShell.run(GroovyShell.java:507)
	at groovy.ui.GroovyMain.processOnce(GroovyMain.java:653)
	at groovy.ui.GroovyMain.run(GroovyMain.java:384)
	at groovy.ui.GroovyMain.process(GroovyMain.java:370)
	at groovy.ui.GroovyMain.processArgs(GroovyMain.java:129)
	at groovy.ui.GroovyMain.main(GroovyMain.java:109)
	at sun.reflect.NativeMethodAccessorImpl.invoke0(Native Method)
	at sun.reflect.NativeMethodAccessorImpl.invoke(NativeMethodAccessorImpl.java:62)
	at sun.reflect.DelegatingMethodAccessorImpl.invoke(DelegatingMethodAccessorImpl.java:43)
	at java.lang.reflect.Method.invoke(Method.java:498)
	at org.codehaus.groovy.tools.GroovyStarter.rootLoader(GroovyStarter.java:109)
	at org.codehaus.groovy.tools.GroovyStarter.main(GroovyStarter.java:131)
)]]></system-err>
      </testcase>
      <testcase name="Test Cases/Loging into QA" classname="Test Cases/Loging into QA" status="PASSED">
         <system-out><![CDATA[2018-09-21 13:36:25 - [TEST_CASE][PASSED] - Test Cases/Loging into QA: Test Cases/Loging into QA

2018-09-21 13:36:25 - [TEST_STEP][PASSED] - openBrowser: Browser is opened with url: ''

2018-09-21 13:36:25 - [MESSAGE][WARNING] - A browser is already opened. Closing browser and opening a new one

2018-09-21 13:36:28 - [MESSAGE][PASSED] - Browser is opened with url: ''

2018-09-21 13:36:28 - [TEST_STEP][PASSED] - navigateToUrl: Navigate to 'https://qa-login.accountantsoffice.com/login?firmCode=aworldqa' successfully

2018-09-21 13:36:29 - [MESSAGE][PASSED] - Navigate to 'https://qa-login.accountantsoffice.com/login?firmCode=aworldqa' successfully

2018-09-21 13:36:29 - [TEST_STEP][PASSED] - setText: Text 'greeshmaj' is set on object 'Object Repository/Page_Log in - AccountantsOffice/input_UserName'

2018-09-21 13:36:29 - [MESSAGE][PASSED] - Text 'greeshmaj' is set on object 'Object Repository/Page_Log in - AccountantsOffice/input_UserName'

2018-09-21 13:36:29 - [TEST_STEP][PASSED] - setEncryptedText: Text ****** has been set on object 'Object Repository/Page_Log in - AccountantsOffice/input_Password'

2018-09-21 13:36:29 - [MESSAGE][PASSED] - Text ****** has been set on object 'Object Repository/Page_Log in - AccountantsOffice/input_Password'

2018-09-21 13:36:29 - [TEST_STEP][PASSED] - click: Object: 'Object Repository/Page_Enter verification code - Acco/Submit code button -3' is clicked on

2018-09-21 13:36:30 - [MESSAGE][PASSED] - Object: 'Object Repository/Page_Enter verification code - Acco/Submit code button -3' is clicked on

2018-09-21 13:36:30 - [TEST_STEP][PASSED] - closeBrowser: Browser is closed

2018-09-21 13:36:31 - [MESSAGE][PASSED] - Browser is closed]]></system-out>
         <system-err><![CDATA[]]></system-err>
      </testcase>
      <system-out><![CDATA[2018-09-21 13:33:52 - [TEST_SUITE][FAILED] - August Demo: Test Cases/All Pages in PR FAILED because (of) (Stack trace: com.kms.katalon.core.exception.StepFailedException: Unable to click on object 'Object Repository/Page_Select Client - Payroll Relief/div_SZ Organic Farm 943 sz943' (Root cause: com.kms.katalon.core.webui.exception.WebElementNotFoundException: Web element with id: 'Object Repository/Page_Select Client - Payroll Relief/div_SZ Organic Farm 943 sz943' located by 'By.xpath: //div[@id = 'select2-result-label-7' and (text() = 'SZ Organic Farm 943 [sz943]  - 09/13/2018' or . = 'SZ Organic Farm 943 [sz943]  - 09/13/2018')]' not found)
	at com.kms.katalon.core.keyword.internal.KeywordMain.stepFailed(KeywordMain.groovy:32)
	at com.kms.katalon.core.webui.keyword.internal.WebUIKeywordMain.stepFailed(WebUIKeywordMain.groovy:65)
	at com.kms.katalon.core.webui.keyword.internal.WebUIKeywordMain.runKeyword(WebUIKeywordMain.groovy:27)
	at com.kms.katalon.core.webui.keyword.builtin.ClickKeyword.click(ClickKeyword.groovy:86)
	at com.kms.katalon.core.webui.keyword.builtin.ClickKeyword.execute(ClickKeyword.groovy:67)
	at com.kms.katalon.core.keyword.internal.KeywordExecutor.executeKeywordForPlatform(KeywordExecutor.groovy:53)
	at com.kms.katalon.core.webui.keyword.WebUiBuiltInKeywords.click(WebUiBuiltInKeywords.groovy:616)
	at com.kms.katalon.core.webui.keyword.WebUiBuiltInKeywords$click$3.call(Unknown Source)
	at org.codehaus.groovy.runtime.callsite.CallSiteArray.defaultCall(CallSiteArray.java:48)
	at org.codehaus.groovy.runtime.callsite.AbstractCallSite.call(AbstractCallSite.java:113)
	at org.codehaus.groovy.runtime.callsite.AbstractCallSite.call(AbstractCallSite.java:125)
	at Script1535385857315.run(Script1535385857315.groovy:36)
	at com.kms.katalon.core.main.ScriptEngine.run(ScriptEngine.java:183)
	at com.kms.katalon.core.main.ScriptEngine.runScriptAsRawText(ScriptEngine.java:108)
	at com.kms.katalon.core.main.TestCaseExecutor.runScript(TestCaseExecutor.java:294)
	at com.kms.katalon.core.main.TestCaseExecutor.doExecute(TestCaseExecutor.java:285)
	at com.kms.katalon.core.main.TestCaseExecutor.processExecutionPhase(TestCaseExecutor.java:264)
	at com.kms.katalon.core.main.TestCaseExecutor.accessMainPhase(TestCaseExecutor.java:256)
	at com.kms.katalon.core.main.TestCaseExecutor.execute(TestCaseExecutor.java:200)
	at com.kms.katalon.core.main.TestSuiteExecutor.accessTestCaseMainPhase(TestSuiteExecutor.java:129)
	at com.kms.katalon.core.main.TestSuiteExecutor.accessTestSuiteMainPhase(TestSuiteExecutor.java:112)
	at com.kms.katalon.core.main.TestSuiteExecutor.execute(TestSuiteExecutor.java:81)
	at com.kms.katalon.core.main.TestCaseMain.startTestSuite(TestCaseMain.java:142)
	at com.kms.katalon.core.main.TestCaseMain$startTestSuite$0.call(Unknown Source)
	at org.codehaus.groovy.runtime.callsite.CallSiteArray.defaultCall(CallSiteArray.java:48)
	at org.codehaus.groovy.runtime.callsite.AbstractCallSite.call(AbstractCallSite.java:113)
	at org.codehaus.groovy.runtime.callsite.AbstractCallSite.call(AbstractCallSite.java:141)
	at TempTestSuite1537551230498.run(TempTestSuite1537551230498.groovy:36)
	at groovy.lang.GroovyShell.runScriptOrMainOrTestOrRunnable(GroovyShell.java:263)
	at groovy.lang.GroovyShell.run(GroovyShell.java:518)
	at groovy.lang.GroovyShell.run(GroovyShell.java:507)
	at groovy.ui.GroovyMain.processOnce(GroovyMain.java:653)
	at groovy.ui.GroovyMain.run(GroovyMain.java:384)
	at groovy.ui.GroovyMain.process(GroovyMain.java:370)
	at groovy.ui.GroovyMain.processArgs(GroovyMain.java:129)
	at groovy.ui.GroovyMain.main(GroovyMain.java:109)
	at sun.reflect.NativeMethodAccessorImpl.invoke0(Native Method)
	at sun.reflect.NativeMethodAccessorImpl.invoke(NativeMethodAccessorImpl.java:62)
	at sun.reflect.DelegatingMethodAccessorImpl.invoke(DelegatingMethodAccessorImpl.java:43)
	at java.lang.reflect.Method.invoke(Method.java:498)
	at org.codehaus.groovy.tools.GroovyStarter.rootLoader(GroovyStarter.java:109)
	at org.codehaus.groovy.tools.GroovyStarter.main(GroovyStarter.java:131)
)]]></system-out>
      <system-err><![CDATA[2018-09-21 13:33:52 - [TEST_SUITE][FAILED] - August Demo: Test Cases/All Pages in PR FAILED because (of) (Stack trace: com.kms.katalon.core.exception.StepFailedException: Unable to click on object 'Object Repository/Page_Select Client - Payroll Relief/div_SZ Organic Farm 943 sz943' (Root cause: com.kms.katalon.core.webui.exception.WebElementNotFoundException: Web element with id: 'Object Repository/Page_Select Client - Payroll Relief/div_SZ Organic Farm 943 sz943' located by 'By.xpath: //div[@id = 'select2-result-label-7' and (text() = 'SZ Organic Farm 943 [sz943]  - 09/13/2018' or . = 'SZ Organic Farm 943 [sz943]  - 09/13/2018')]' not found)
	at com.kms.katalon.core.keyword.internal.KeywordMain.stepFailed(KeywordMain.groovy:32)
	at com.kms.katalon.core.webui.keyword.internal.WebUIKeywordMain.stepFailed(WebUIKeywordMain.groovy:65)
	at com.kms.katalon.core.webui.keyword.internal.WebUIKeywordMain.runKeyword(WebUIKeywordMain.groovy:27)
	at com.kms.katalon.core.webui.keyword.builtin.ClickKeyword.click(ClickKeyword.groovy:86)
	at com.kms.katalon.core.webui.keyword.builtin.ClickKeyword.execute(ClickKeyword.groovy:67)
	at com.kms.katalon.core.keyword.internal.KeywordExecutor.executeKeywordForPlatform(KeywordExecutor.groovy:53)
	at com.kms.katalon.core.webui.keyword.WebUiBuiltInKeywords.click(WebUiBuiltInKeywords.groovy:616)
	at com.kms.katalon.core.webui.keyword.WebUiBuiltInKeywords$click$3.call(Unknown Source)
	at org.codehaus.groovy.runtime.callsite.CallSiteArray.defaultCall(CallSiteArray.java:48)
	at org.codehaus.groovy.runtime.callsite.AbstractCallSite.call(AbstractCallSite.java:113)
	at org.codehaus.groovy.runtime.callsite.AbstractCallSite.call(AbstractCallSite.java:125)
	at Script1535385857315.run(Script1535385857315.groovy:36)
	at com.kms.katalon.core.main.ScriptEngine.run(ScriptEngine.java:183)
	at com.kms.katalon.core.main.ScriptEngine.runScriptAsRawText(ScriptEngine.java:108)
	at com.kms.katalon.core.main.TestCaseExecutor.runScript(TestCaseExecutor.java:294)
	at com.kms.katalon.core.main.TestCaseExecutor.doExecute(TestCaseExecutor.java:285)
	at com.kms.katalon.core.main.TestCaseExecutor.processExecutionPhase(TestCaseExecutor.java:264)
	at com.kms.katalon.core.main.TestCaseExecutor.accessMainPhase(TestCaseExecutor.java:256)
	at com.kms.katalon.core.main.TestCaseExecutor.execute(TestCaseExecutor.java:200)
	at com.kms.katalon.core.main.TestSuiteExecutor.accessTestCaseMainPhase(TestSuiteExecutor.java:129)
	at com.kms.katalon.core.main.TestSuiteExecutor.accessTestSuiteMainPhase(TestSuiteExecutor.java:112)
	at com.kms.katalon.core.main.TestSuiteExecutor.execute(TestSuiteExecutor.java:81)
	at com.kms.katalon.core.main.TestCaseMain.startTestSuite(TestCaseMain.java:142)
	at com.kms.katalon.core.main.TestCaseMain$startTestSuite$0.call(Unknown Source)
	at org.codehaus.groovy.runtime.callsite.CallSiteArray.defaultCall(CallSiteArray.java:48)
	at org.codehaus.groovy.runtime.callsite.AbstractCallSite.call(AbstractCallSite.java:113)
	at org.codehaus.groovy.runtime.callsite.AbstractCallSite.call(AbstractCallSite.java:141)
	at TempTestSuite1537551230498.run(TempTestSuite1537551230498.groovy:36)
	at groovy.lang.GroovyShell.runScriptOrMainOrTestOrRunnable(GroovyShell.java:263)
	at groovy.lang.GroovyShell.run(GroovyShell.java:518)
	at groovy.lang.GroovyShell.run(GroovyShell.java:507)
	at groovy.ui.GroovyMain.processOnce(GroovyMain.java:653)
	at groovy.ui.GroovyMain.run(GroovyMain.java:384)
	at groovy.ui.GroovyMain.process(GroovyMain.java:370)
	at groovy.ui.GroovyMain.processArgs(GroovyMain.java:129)
	at groovy.ui.GroovyMain.main(GroovyMain.java:109)
	at sun.reflect.NativeMethodAccessorImpl.invoke0(Native Method)
	at sun.reflect.NativeMethodAccessorImpl.invoke(NativeMethodAccessorImpl.java:62)
	at sun.reflect.DelegatingMethodAccessorImpl.invoke(DelegatingMethodAccessorImpl.java:43)
	at java.lang.reflect.Method.invoke(Method.java:498)
	at org.codehaus.groovy.tools.GroovyStarter.rootLoader(GroovyStarter.java:109)
	at org.codehaus.groovy.tools.GroovyStarter.main(GroovyStarter.java:131)
)]]></system-err>
   </testsuite>
</testsuites>
